Build started 31-May-18 5:45:07 PM.
     1>Project "C:\Users\naveen\Documents\Visual Studio 2010\Projects\Ludo_Game\Ludo_Game\Ludo_Game.vcxproj" on node 2 (build target(s)).
     1>InitializeBuildStatus:
         Creating "Debug\Ludo_Game.unsuccessfulbuild" because "AlwaysCreate" was specified.
       ClCompile:
         All outputs are up-to-date.
         c:\Program Files (x86)\Microsoft Visual Studio 10.0\VC\bin\CL.exe /c /ZI /nologo /W3 /WX- /Od /Oy- /D WIN32 /D _DEBUG /D _CONSOLE /D _UNICODE /D UNICODE /Gm /EHsc /RTC1 /MDd /GS /fp:precise /Zc:wchar_t /Zc:forScope /Yu"StdAfx.h" /Fp"Debug\Ludo_Game.pch" /Fo"Debug\\" /Fd"Debug\vc100.pdb" /Gd /TP /analyze- /errorReport:prompt Ludo_Game.cpp
         Ludo_Game.cpp
       ManifestResourceCompile:
         All outputs are up-to-date.
       Link:
         c:\Program Files (x86)\Microsoft Visual Studio 10.0\VC\bin\link.exe /ERRORREPORT:PROMPT /OUT:"C:\Users\naveen\Documents\Visual Studio 2010\Projects\Ludo_Game\Debug\Ludo_Game.exe" /INCREMENTAL /NOLOGO kernel32.lib user32.lib gdi32.lib winspool.lib comdlg32.lib advapi32.lib shell32.lib ole32.lib oleaut32.lib uuid.lib odbc32.lib odbccp32.lib /MANIFEST /ManifestFile:"Debug\Ludo_Game.exe.intermediate.manifest" /MANIFESTUAC:"level='asInvoker' uiAccess='false'" /DEBUG /PDB:"C:\Users\naveen\Documents\Visual Studio 2010\Projects\Ludo_Game\Debug\Ludo_Game.pdb" /SUBSYSTEM:CONSOLE /TLBID:1 /DYNAMICBASE /NXCOMPAT /IMPLIB:"C:\Users\naveen\Documents\Visual Studio 2010\Projects\Ludo_Game\Debug\Ludo_Game.lib" /MACHINE:X86 Debug\Ludo_Game.exe.embed.manifest.res
         Debug\Ludo_Game.obj
         Debug\stdafx.obj
       Manifest:
         C:\Program Files (x86)\Microsoft SDKs\Windows\v7.0A\bin\mt.exe /nologo /verbose /out:"Debug\Ludo_Game.exe.embed.manifest" /manifest Debug\Ludo_Game.exe.intermediate.manifest
         All outputs are up-to-date.
       LinkEmbedManifest:
         All outputs are up-to-date.
         Ludo_Game.vcxproj -> C:\Users\naveen\Documents\Visual Studio 2010\Projects\Ludo_Game\Debug\Ludo_Game.exe
       FinalizeBuildStatus:
         Deleting file "Debug\Ludo_Game.unsuccessfulbuild".
         Touching "Debug\Ludo_Game.lastbuildstate".
     1>Done Building Project "C:\Users\naveen\Documents\Visual Studio 2010\Projects\Ludo_Game\Ludo_Game\Ludo_Game.vcxproj" (build target(s)).

Build succeeded.

Time Elapsed 00:00:00.60
